<?xml version="1.0" encoding="UTF-8"?>
<!-- Generated by org.testng.reporters.JUnitReportReporter -->
<testsuite hostname="Anurag-Dubey-LP" failures="0" tests="1" name="com.crm.hubspot.TestScript.TestLoginToTheApplication" time="8.275" errors="0" timestamp="2021-07-27T19:53:54 IST" skipped="0">
  <testcase classname="com.crm.hubspot.TestScript.TestLoginToTheApplication" name="loginToTheApplication" time="8.275"/>
  <system-out/>
</testsuite> <!-- com.crm.hubspot.TestScript.TestLoginToTheApplication -->
